<?xml version="1.0" encoding="UTF-8" standalone="yes"?><!DOCTYPE report PUBLIC "-//JACOCO//DTD Report 1.1//EN" "report.dtd"><report name="qulice-pmd"><group name="qulice-spi"><package name="com/qulice/spi"><class name="com/qulice/spi/Validator" sourcefilename="Validator.java"/><class name="com/qulice/spi/Environment$Mock" sourcefilename="Environment.java"><method name="&lt;init&gt;" desc="()V" line="139"><counter type="INSTRUCTION" missed="70" covered="0"/><counter type="BRANCH" missed="8" covered="0"/><counter type="LINE" missed="16" covered="0"/><counter type="COMPLEXITY" missed="5" covered="0"/><counter type="METHOD" missed="1" covered="0"/></method><method name="withParam" desc="(Ljava/lang/String;Ljava/lang/String;)Lcom/qulice/spi/Environment$Mock;" line="170"><counter type="INSTRUCTION" missed="8" covered="0"/><counter type="LINE" missed="2" covered="0"/><counter type="COMPLEXITY" missed="1" covered="0"/><counter type="METHOD" missed="1" covered="0"/></method><method name="withFile" desc="(Ljava/lang/String;Ljava/lang/String;)Lcom/qulice/spi/Environment$Mock;" line="183"><counter type="INSTRUCTION" missed="13" covered="0"/><counter type="LINE" missed="3" covered="0"/><counter type="COMPLEXITY" missed="1" covered="0"/><counter type="METHOD" missed="1" covered="0"/></method><method name="withFile" desc="(Ljava/lang/String;[B)Lcom/qulice/spi/Environment$Mock;" line="201"><counter type="INSTRUCTION" missed="12" covered="0"/><counter type="LINE" missed="3" covered="0"/><counter type="COMPLEXITY" missed="1" covered="0"/><counter type="METHOD" missed="1" covered="0"/></method><method name="withExcludes" desc="(Ljava/lang/String;)Lcom/qulice/spi/Environment$Mock;" line="212"><counter type="INSTRUCTION" missed="5" covered="0"/><counter type="LINE" missed="2" covered="0"/><counter type="COMPLEXITY" missed="1" covered="0"/><counter type="METHOD" missed="1" covered="0"/></method><method name="withDefaultClasspath" desc="()Lcom/qulice/spi/Environment$Mock;" line="222"><counter type="INSTRUCTION" missed="11" covered="0"/><counter type="LINE" missed="4" covered="0"/><counter type="COMPLEXITY" missed="1" covered="0"/><counter type="METHOD" missed="1" covered="0"/></method><method name="basedir" desc="()Ljava/io/File;" line="232"><counter type="INSTRUCTION" missed="3" covered="0"/><counter type="LINE" missed="1" covered="0"/><counter type="COMPLEXITY" missed="1" covered="0"/><counter type="METHOD" missed="1" covered="0"/></method><method name="tempdir" desc="()Ljava/io/File;" line="237"><counter type="INSTRUCTION" missed="19" covered="0"/><counter type="BRANCH" missed="4" covered="0"/><counter type="LINE" missed="4" covered="0"/><counter type="COMPLEXITY" missed="3" covered="0"/><counter type="METHOD" missed="1" covered="0"/></method><method name="outdir" desc="()Ljava/io/File;" line="246"><counter type="INSTRUCTION" missed="19" covered="0"/><counter type="BRANCH" missed="4" covered="0"/><counter type="LINE" missed="4" covered="0"/><counter type="COMPLEXITY" missed="3" covered="0"/><counter type="METHOD" missed="1" covered="0"/></method><method name="param" desc="(Ljava/lang/String;Ljava/lang/String;)Ljava/lang/String;" line="255"><counter type="INSTRUCTION" missed="12" covered="0"/><counter type="BRANCH" missed="2" covered="0"/><counter type="LINE" missed="4" covered="0"/><counter type="COMPLEXITY" missed="2" covered="0"/><counter type="METHOD" missed="1" covered="0"/></method><method name="classloader" desc="()Ljava/lang/ClassLoader;" line="264"><counter type="INSTRUCTION" missed="3" covered="0"/><counter type="LINE" missed="1" covered="0"/><counter type="COMPLEXITY" missed="1" covered="0"/><counter type="METHOD" missed="1" covered="0"/></method><method name="classpath" desc="()Ljava/util/Collection;" line="269"><counter type="INSTRUCTION" missed="4" covered="0"/><counter type="LINE" missed="1" covered="0"/><counter type="COMPLEXITY" missed="1" covered="0"/><counter type="METHOD" missed="1" covered="0"/></method><method name="files" desc="(Ljava/lang/String;)Ljava/util/Collection;" line="275"><counter type="INSTRUCTION" missed="28" covered="0"/><counter type="BRANCH" missed="2" covered="0"/><counter type="LINE" missed="7" covered="0"/><counter type="COMPLEXITY" missed="2" covered="0"/><counter type="METHOD" missed="1" covered="0"/></method><method name="exclude" desc="(Ljava/lang/String;Ljava/lang/String;)Z" line="291"><counter type="INSTRUCTION" missed="2" covered="0"/><counter type="LINE" missed="1" covered="0"/><counter type="COMPLEXITY" missed="1" covered="0"/><counter type="METHOD" missed="1" covered="0"/></method><method name="excludes" desc="(Ljava/lang/String;)Ljava/util/Collection;" line="297"><counter type="INSTRUCTION" missed="14" covered="0"/><counter type="BRANCH" missed="2" covered="0"/><counter type="LINE" missed="4" covered="0"/><counter type="COMPLEXITY" missed="2" covered="0"/><counter type="METHOD" missed="1" covered="0"/></method><method name="encoding" desc="()Ljava/nio/charset/Charset;" line="307"><counter type="INSTRUCTION" missed="2" covered="0"/><counter type="LINE" missed="1" covered="0"/><counter type="COMPLEXITY" missed="1" covered="0"/><counter type="METHOD" missed="1" covered="0"/></method><method name="&lt;clinit&gt;" desc="()V" line="111"><counter type="INSTRUCTION" missed="1" covered="0"/><counter type="LINE" missed="1" covered="0"/><counter type="COMPLEXITY" missed="1" covered="0"/><counter type="METHOD" missed="1" covered="0"/></method><counter type="INSTRUCTION" missed="226" covered="0"/><counter type="BRANCH" missed="22" covered="0"/><counter type="LINE" missed="59" covered="0"/><counter type="COMPLEXITY" missed="28" covered="0"/><counter type="METHOD" missed="17" covered="0"/><counter type="CLASS" missed="1" covered="0"/></class><class name="com/qulice/spi/ResourceValidator" sourcefilename="ResourceValidator.java"/><class name="com/qulice/spi/Environment" sourcefilename="Environment.java"/><class name="com/qulice/spi/Violation$Default" sourcefilename="Violation.java"><method name="&lt;init&gt;" desc="(Ljava/lang/String;Ljava/lang/String;Ljava/lang/String;Ljava/lang/String;Ljava/lang/String;)V" line="91"><counter type="INSTRUCTION" missed="18" covered="0"/><counter type="LINE" missed="7" covered="0"/><counter type="COMPLEXITY" missed="1" covered="0"/><counter type="METHOD" missed="1" covered="0"/></method><method name="validator" desc="()Ljava/lang/String;" line="101"><counter type="INSTRUCTION" missed="3" covered="0"/><counter type="LINE" missed="1" covered="0"/><counter type="COMPLEXITY" missed="1" covered="0"/><counter type="METHOD" missed="1" covered="0"/></method><method name="name" desc="()Ljava/lang/String;" line="106"><counter type="INSTRUCTION" missed="3" covered="0"/><counter type="LINE" missed="1" covered="0"/><counter type="COMPLEXITY" missed="1" covered="0"/><counter type="METHOD" missed="1" covered="0"/></method><method name="file" desc="()Ljava/lang/String;" line="111"><counter type="INSTRUCTION" missed="3" covered="0"/><counter type="LINE" missed="1" covered="0"/><counter type="COMPLEXITY" missed="1" covered="0"/><counter type="METHOD" missed="1" covered="0"/></method><method name="lines" desc="()Ljava/lang/String;" line="116"><counter type="INSTRUCTION" missed="3" covered="0"/><counter type="LINE" missed="1" covered="0"/><counter type="COMPLEXITY" missed="1" covered="0"/><counter type="METHOD" missed="1" covered="0"/></method><method name="message" desc="()Ljava/lang/String;" line="121"><counter type="INSTRUCTION" missed="3" covered="0"/><counter type="LINE" missed="1" covered="0"/><counter type="COMPLEXITY" missed="1" covered="0"/><counter type="METHOD" missed="1" covered="0"/></method><method name="compareTo" desc="(Lcom/qulice/spi/Violation;)I" line="126"><counter type="INSTRUCTION" missed="6" covered="0"/><counter type="LINE" missed="1" covered="0"/><counter type="COMPLEXITY" missed="1" covered="0"/><counter type="METHOD" missed="1" covered="0"/></method><counter type="INSTRUCTION" missed="39" covered="0"/><counter type="LINE" missed="13" covered="0"/><counter type="COMPLEXITY" missed="7" covered="0"/><counter type="METHOD" missed="7" covered="0"/><counter type="CLASS" missed="1" covered="0"/></class><class name="com/qulice/spi/ValidationException" sourcefilename="ValidationException.java"><method name="&lt;init&gt;" desc="(Ljava/lang/String;[Ljava/lang/Object;)V" line="25"><counter type="INSTRUCTION" missed="6" covered="0"/><counter type="LINE" missed="2" covered="0"/><counter type="COMPLEXITY" missed="1" covered="0"/><counter type="METHOD" missed="1" covered="0"/></method><method name="&lt;init&gt;" desc="(Ljava/lang/Throwable;)V" line="33"><counter type="INSTRUCTION" missed="4" covered="0"/><counter type="LINE" missed="2" covered="0"/><counter type="COMPLEXITY" missed="1" covered="0"/><counter type="METHOD" missed="1" covered="0"/></method><counter type="INSTRUCTION" missed="10" covered="0"/><counter type="LINE" missed="4" covered="0"/><counter type="COMPLEXITY" missed="2" covered="0"/><counter type="METHOD" missed="2" covered="0"/><counter type="CLASS" missed="1" covered="0"/></class><class name="com/qulice/spi/Violation" sourcefilename="Violation.java"/><sourcefile name="ResourceValidator.java"/><sourcefile name="ValidationException.java"><line nr="25" mi="5" ci="0" mb="0" cb="0"/><line nr="26" mi="1" ci="0" mb="0" cb="0"/><line nr="33" mi="3" ci="0" mb="0" cb="0"/><line nr="34" mi="1" ci="0" mb="0" cb="0"/><counter type="INSTRUCTION" missed="10" covered="0"/><counter type="LINE" missed="4" covered="0"/><counter type="COMPLEXITY" missed="2" covered="0"/><counter type="METHOD" missed="2" covered="0"/><counter type="CLASS" missed="1" covered="0"/></sourcefile><sourcefile name="Environment.java"><line nr="111" mi="1" ci="0" mb="0" cb="0"/><line nr="139" mi="2" ci="0" mb="0" cb="0"/><line nr="140" mi="5" ci="0" mb="0" cb="0"/><line nr="141" mi="6" ci="0" mb="0" cb="0"/><line nr="142" mi="7" ci="0" mb="0" cb="0"/><line nr="144" mi="2" ci="0" mb="0" cb="0"/><line nr="146" mi="3" ci="0" mb="2" cb="0"/><line nr="147" mi="5" ci="0" mb="0" cb="0"/><line nr="149" mi="3" ci="0" mb="2" cb="0"/><line nr="150" mi="5" ci="0" mb="0" cb="0"/><line nr="152" mi="2" ci="0" mb="0" cb="0"/><line nr="153" mi="7" ci="0" mb="0" cb="0"/><line nr="154" mi="4" ci="0" mb="2" cb="0"/><line nr="155" mi="8" ci="0" mb="2" cb="0"/><line nr="157" mi="5" ci="0" mb="0" cb="0"/><line nr="158" mi="5" ci="0" mb="0" cb="0"/><line nr="160" mi="1" ci="0" mb="0" cb="0"/><line nr="170" mi="6" ci="0" mb="0" cb="0"/><line nr="171" mi="2" ci="0" mb="0" cb="0"/><line nr="183" mi="7" ci="0" mb="0" cb="0"/><line nr="184" mi="4" ci="0" mb="0" cb="0"/><line nr="189" mi="2" ci="0" mb="0" cb="0"/><line nr="201" mi="7" ci="0" mb="0" cb="0"/><line nr="202" mi="3" ci="0" mb="0" cb="0"/><line nr="203" mi="2" ci="0" mb="0" cb="0"/><line nr="212" mi="3" ci="0" mb="0" cb="0"/><line nr="213" mi="2" ci="0" mb="0" cb="0"/><line nr="222" mi="5" ci="0" mb="0" cb="0"/><line nr="224" mi="2" ci="0" mb="0" cb="0"/><line nr="225" mi="2" ci="0" mb="0" cb="0"/><line nr="227" mi="2" ci="0" mb="0" cb="0"/><line nr="232" mi="3" ci="0" mb="0" cb="0"/><line nr="237" mi="7" ci="0" mb="0" cb="0"/><line nr="238" mi="3" ci="0" mb="2" cb="0"/><line nr="239" mi="7" ci="0" mb="2" cb="0"/><line nr="241" mi="2" ci="0" mb="0" cb="0"/><line nr="246" mi="7" ci="0" mb="0" cb="0"/><line nr="247" mi="3" ci="0" mb="2" cb="0"/><line nr="248" mi="7" ci="0" mb="2" cb="0"/><line nr="250" mi="2" ci="0" mb="0" cb="0"/><line nr="255" mi="6" ci="0" mb="0" cb="0"/><line nr="256" mi="2" ci="0" mb="2" cb="0"/><line nr="257" mi="2" ci="0" mb="0" cb="0"/><line nr="259" mi="2" ci="0" mb="0" cb="0"/><line nr="264" mi="3" ci="0" mb="0" cb="0"/><line nr="269" mi="4" ci="0" mb="0" cb="0"/><line nr="275" mi="4" ci="0" mb="0" cb="0"/><line nr="276" mi="10" ci="0" mb="0" cb="0"/><line nr="277" mi="4" ci="0" mb="2" cb="0"/><line nr="278" mi="4" ci="0" mb="0" cb="0"/><line nr="279" mi="1" ci="0" mb="0" cb="0"/><line nr="280" mi="3" ci="0" mb="0" cb="0"/><line nr="286" mi="2" ci="0" mb="0" cb="0"/><line nr="291" mi="2" ci="0" mb="0" cb="0"/><line nr="297" mi="3" ci="0" mb="2" cb="0"/><line nr="298" mi="3" ci="0" mb="0" cb="0"/><line nr="300" mi="6" ci="0" mb="0" cb="0"/><line nr="302" mi="2" ci="0" mb="0" cb="0"/><line nr="307" mi="2" ci="0" mb="0" cb="0"/><counter type="INSTRUCTION" missed="226" covered="0"/><counter type="BRANCH" missed="22" covered="0"/><counter type="LINE" missed="59" covered="0"/><counter type="COMPLEXITY" missed="28" covered="0"/><counter type="METHOD" missed="17" covered="0"/><counter type="CLASS" missed="1" covered="0"/></sourcefile><sourcefile name="Violation.java"><line nr="91" mi="2" ci="0" mb="0" cb="0"/><line nr="92" mi="3" ci="0" mb="0" cb="0"/><line nr="93" mi="3" ci="0" mb="0" cb="0"/><line nr="94" mi="3" ci="0" mb="0" cb="0"/><line nr="95" mi="3" ci="0" mb="0" cb="0"/><line nr="96" mi="3" ci="0" mb="0" cb="0"/><line nr="97" mi="1" ci="0" mb="0" cb="0"/><line nr="101" mi="3" ci="0" mb="0" cb="0"/><line nr="106" mi="3" ci="0" mb="0" cb="0"/><line nr="111" mi="3" ci="0" mb="0" cb="0"/><line nr="116" mi="3" ci="0" mb="0" cb="0"/><line nr="121" mi="3" ci="0" mb="0" cb="0"/><line nr="126" mi="6" ci="0" mb="0" cb="0"/><counter type="INSTRUCTION" missed="39" covered="0"/><counter type="LINE" missed="13" covered="0"/><counter type="COMPLEXITY" missed="7" covered="0"/><counter type="METHOD" missed="7" covered="0"/><counter type="CLASS" missed="1" covered="0"/></sourcefile><sourcefile name="Validator.java"/><counter type="INSTRUCTION" missed="275" covered="0"/><counter type="BRANCH" missed="22" covered="0"/><counter type="LINE" missed="76" covered="0"/><counter type="COMPLEXITY" missed="37" covered="0"/><counter type="METHOD" missed="26" covered="0"/><counter type="CLASS" missed="3" covered="0"/></package><counter type="INSTRUCTION" missed="275" covered="0"/><counter type="BRANCH" missed="22" covered="0"/><counter type="LINE" missed="76" covered="0"/><counter type="COMPLEXITY" missed="37" covered="0"/><counter type="METHOD" missed="26" covered="0"/><counter type="CLASS" missed="3" covered="0"/></group><counter type="INSTRUCTION" missed="275" covered="0"/><counter type="BRANCH" missed="22" covered="0"/><counter type="LINE" missed="76" covered="0"/><counter type="COMPLEXITY" missed="37" covered="0"/><counter type="METHOD" missed="26" covered="0"/><counter type="CLASS" missed="3" covered="0"/></report>